build/app/intermediates/manifest_merge_blame_file/debug/manifest-merger-blame-debug-report.txt
1<?xml version="1.0" encoding="utf-8"?>
2<manifest xmlns:android="http://schemas.android.com/apk/res/android"
3    package="com.example.tensorflow_image_classification_gci"
4    android:versionCode="1"
5    android:versionName="1.0.0" >
6
7    <uses-sdk
8        android:minSdkVersion="23"
9        android:targetSdkVersion="28" />
10    <!--
11         Flutter needs it to communicate with the running application
12         to allow setting breakpoints, to provide hot reload, etc.
13    -->
14    <uses-permission android:name="android.permission.INTERNET" />
14-->src\debug\AndroidManifest.xml:6:5-66
14-->src\debug\AndroidManifest.xml:6:22-64
15    <uses-permission android:name="android.permission.READ_EXTERNAL_STORAGE" />
15-->[:image_picker] AndroidManifest.xml:9:5-80
15-->[:image_picker] AndroidManifest.xml:9:22-77
16    <uses-permission android:name="android.permission.WRITE_EXTERNAL_STORAGE" />
16-->[:image_picker] AndroidManifest.xml:10:5-81
16-->[:image_picker] AndroidManifest.xml:10:22-78
17    <!--
18 io.flutter.app.FlutterApplication is an android.app.Application that
19         calls FlutterMain.startInitialization(this); in its onCreate method.
20         In most cases you can leave this as-is, but you if you want to provide
21         additional functionality it is fine to subclass or reimplement
22         FlutterApplication and put your custom class here.
23    -->
24    <application
25        android:name="android.app.Application"
26        android:appComponentFactory="androidx.core.app.CoreComponentFactory"
26-->[androidx.core:core:1.6.0] AndroidManifest.xml:24:18-86
27        android:debuggable="true"
28        android:extractNativeLibs="false"
29        android:icon="@mipmap/ic_launcher"
30        android:label="tensorflow_image_classification_gci" >
31        <activity
32            android:name="com.example.tensorflow_image_classification_gci.MainActivity"
33            android:configChanges="orientation|keyboardHidden|keyboard|screenSize|smallestScreenSize|locale|layoutDirection|fontScale|screenLayout|density|uiMode"
34            android:hardwareAccelerated="true"
35            android:launchMode="singleTop"
36            android:theme="@style/LaunchTheme"
37            android:windowSoftInputMode="adjustResize" >
38
39            <!--
40                 This keeps the window background of the activity showing
41                 until Flutter renders its first frame. It can be removed if
42                 there is no splash screen (such as the default splash screen
43                 defined in @style/LaunchTheme).
44            -->
45            <meta-data
46                android:name="flutterEmbedding"
47                android:value="2" />
48
49            <intent-filter>
50                <action android:name="android.intent.action.MAIN" />
51
52                <category android:name="android.intent.category.LAUNCHER" />
53            </intent-filter>
54        </activity>
55
56        <provider
56-->[:image_picker] AndroidManifest.xml:13:9-21:20
57            android:name="io.flutter.plugins.imagepicker.ImagePickerFileProvider"
57-->[:image_picker] AndroidManifest.xml:14:13-82
58            android:authorities="com.example.tensorflow_image_classification_gci.flutter.image_provider"
58-->[:image_picker] AndroidManifest.xml:15:13-74
59            android:exported="false"
59-->[:image_picker] AndroidManifest.xml:16:13-37
60            android:grantUriPermissions="true" >
60-->[:image_picker] AndroidManifest.xml:17:13-47
61            <meta-data
61-->[:image_picker] AndroidManifest.xml:18:13-20:75
62                android:name="android.support.FILE_PROVIDER_PATHS"
62-->[:image_picker] AndroidManifest.xml:19:17-67
63                android:resource="@xml/flutter_image_picker_file_paths" />
63-->[:image_picker] AndroidManifest.xml:20:17-72
64        </provider>
65
66        <uses-library
66-->[androidx.window:window:1.0.0-beta04] AndroidManifest.xml:25:9-27:40
67            android:name="androidx.window.extensions"
67-->[androidx.window:window:1.0.0-beta04] AndroidManifest.xml:26:13-54
68            android:required="false" />
68-->[androidx.window:window:1.0.0-beta04] AndroidManifest.xml:27:13-37
69        <uses-library
69-->[androidx.window:window:1.0.0-beta04] AndroidManifest.xml:28:9-30:40
70            android:name="androidx.window.sidecar"
70-->[androidx.window:window:1.0.0-beta04] AndroidManifest.xml:29:13-51
71            android:required="false" />
71-->[androidx.window:window:1.0.0-beta04] AndroidManifest.xml:30:13-37
72    </application>
73
74</manifest>